Determining if the pthread_create exist failed with the following output:
Change Dir: /home/wang/MVS-1.0.0_x86_64/MVS/HIK/build/CMakeFiles/CMakeTmp

Run Build Command:"/usr/bin/make" "cmTC_57476/fast"
/usr/bin/make -f CMakeFiles/cmTC_57476.dir/build.make CMakeFiles/cmTC_57476.dir/build
make[1]: Entering directory '/home/wang/MVS-1.0.0_x86_64/MVS/HIK/build/CMakeFiles/CMakeTmp'
Building C object CMakeFiles/cmTC_57476.dir/CheckSymbolExists.c.o
/usr/bin/cc     -o CMakeFiles/cmTC_57476.dir/CheckSymbolExists.c.o   -c /home/wang/MVS-1.0.0_x86_64/MVS/HIK/build/CMakeFiles/CMakeTmp/CheckSymbolExists.c
Linking C executable cmTC_57476
/usr/bin/cmake -E cmake_link_script CMakeFiles/cmTC_57476.dir/link.txt --verbose=1
/usr/bin/cc       CMakeFiles/cmTC_57476.dir/CheckSymbolExists.c.o  -o cmTC_57476 -rdynamic 
CMakeFiles/cmTC_57476.dir/CheckSymbolExists.c.o：在函数‘main’中：
CheckSymbolExists.c:(.text+0x16)：对‘pthread_create’未定义的引用
collect2: error: ld returned 1 exit status
CMakeFiles/cmTC_57476.dir/build.make:97: recipe for target 'cmTC_57476' failed
make[1]: *** [cmTC_57476] Error 1
make[1]: Leaving directory '/home/wang/MVS-1.0.0_x86_64/MVS/HIK/build/CMakeFiles/CMakeTmp'
Makefile:126: recipe for target 'cmTC_57476/fast' failed
make: *** [cmTC_57476/fast] Error 2

File /home/wang/MVS-1.0.0_x86_64/MVS/HIK/build/CMakeFiles/CMakeTmp/CheckSymbolExists.c:
/* */
#include <pthread.h>

int main(int argc, char** argv)
{
  (void)argv;
#ifndef pthread_create
  return ((int*)(&pthread_create))[argc];
#else
  (void)argc;
  return 0;
#endif
}

Determining if the function pthread_create exists in the pthreads failed with the following output:
Change Dir: /home/wang/MVS-1.0.0_x86_64/MVS/HIK/build/CMakeFiles/CMakeTmp

Run Build Command:"/usr/bin/make" "cmTC_ff618/fast"
/usr/bin/make -f CMakeFiles/cmTC_ff618.dir/build.make CMakeFiles/cmTC_ff618.dir/build
make[1]: Entering directory '/home/wang/MVS-1.0.0_x86_64/MVS/HIK/build/CMakeFiles/CMakeTmp'
Building C object CMakeFiles/cmTC_ff618.dir/CheckFunctionExists.c.o
/usr/bin/cc    -DCHECK_FUNCTION_EXISTS=pthread_create   -o CMakeFiles/cmTC_ff618.dir/CheckFunctionExists.c.o   -c /usr/share/cmake-3.5/Modules/CheckFunctionExists.c
Linking C executable cmTC_ff618
/usr/bin/cmake -E cmake_link_script CMakeFiles/cmTC_ff618.dir/link.txt --verbose=1
/usr/bin/cc   -DCHECK_FUNCTION_EXISTS=pthread_create    CMakeFiles/cmTC_ff618.dir/CheckFunctionExists.c.o  -o cmTC_ff618 -rdynamic -lpthreads 
/usr/bin/ld: 找不到 -lpthreads
collect2: error: ld returned 1 exit status
CMakeFiles/cmTC_ff618.dir/build.make:97: recipe for target 'cmTC_ff618' failed
make[1]: *** [cmTC_ff618] Error 1
make[1]: Leaving directory '/home/wang/MVS-1.0.0_x86_64/MVS/HIK/build/CMakeFiles/CMakeTmp'
Makefile:126: recipe for target 'cmTC_ff618/fast' failed
make: *** [cmTC_ff618/fast] Error 2


